Determining if the function sgemm_ exists failed with the following output:
Change Dir: /home/fbaldini/Desktop/robot_perception/object detection/birds eye viewer/cpp/build/CMakeFiles/CMakeTmp

Run Build Command(s):/usr/bin/make cmTC_29136/fast && /usr/bin/make -f CMakeFiles/cmTC_29136.dir/build.make CMakeFiles/cmTC_29136.dir/build
make[1]: Entering directory '/home/fbaldini/Desktop/robot_perception/object detection/birds eye viewer/cpp/build/CMakeFiles/CMakeTmp'
Building C object CMakeFiles/cmTC_29136.dir/CheckFunctionExists.c.o
/usr/bin/cc   -DCHECK_FUNCTION_EXISTS=sgemm_   -o CMakeFiles/cmTC_29136.dir/CheckFunctionExists.c.o   -c /usr/share/cmake-3.16/Modules/CheckFunctionExists.c
Linking C executable cmTC_29136
/usr/bin/cmake -E cmake_link_script CMakeFiles/cmTC_29136.dir/link.txt --verbose=1
/usr/bin/cc  -DCHECK_FUNCTION_EXISTS=sgemm_    -rdynamic CMakeFiles/cmTC_29136.dir/CheckFunctionExists.c.o  -o cmTC_29136 
/usr/bin/ld: CMakeFiles/cmTC_29136.dir/CheckFunctionExists.c.o: in function `main':
CheckFunctionExists.c:(.text+0x14): undefined reference to `sgemm_'
collect2: error: ld returned 1 exit status
make[1]: *** [CMakeFiles/cmTC_29136.dir/build.make:87: cmTC_29136] Error 1
make[1]: Leaving directory '/home/fbaldini/Desktop/robot_perception/object detection/birds eye viewer/cpp/build/CMakeFiles/CMakeTmp'
make: *** [Makefile:121: cmTC_29136/fast] Error 2



Performing C SOURCE FILE Test CMAKE_HAVE_LIBC_PTHREAD failed with the following output:
Change Dir: /home/fbaldini/Desktop/robot_perception/object detection/birds eye viewer/cpp/build/CMakeFiles/CMakeTmp

Run Build Command(s):/usr/bin/make cmTC_e2329/fast && /usr/bin/make -f CMakeFiles/cmTC_e2329.dir/build.make CMakeFiles/cmTC_e2329.dir/build
make[1]: Entering directory '/home/fbaldini/Desktop/robot_perception/object detection/birds eye viewer/cpp/build/CMakeFiles/CMakeTmp'
Building C object CMakeFiles/cmTC_e2329.dir/src.c.o
/usr/bin/cc   -DCMAKE_HAVE_LIBC_PTHREAD   -o CMakeFiles/cmTC_e2329.dir/src.c.o   -c "/home/fbaldini/Desktop/robot_perception/object detection/birds eye viewer/cpp/build/CMakeFiles/CMakeTmp/src.c"
Linking C executable cmTC_e2329
/usr/bin/cmake -E cmake_link_script CMakeFiles/cmTC_e2329.dir/link.txt --verbose=1
/usr/bin/cc  -DCMAKE_HAVE_LIBC_PTHREAD    -rdynamic CMakeFiles/cmTC_e2329.dir/src.c.o  -o cmTC_e2329 
/usr/bin/ld: CMakeFiles/cmTC_e2329.dir/src.c.o: in function `main':
src.c:(.text+0x46): undefined reference to `pthread_create'
/usr/bin/ld: src.c:(.text+0x52): undefined reference to `pthread_detach'
/usr/bin/ld: src.c:(.text+0x63): undefined reference to `pthread_join'
collect2: error: ld returned 1 exit status
make[1]: *** [CMakeFiles/cmTC_e2329.dir/build.make:87: cmTC_e2329] Error 1
make[1]: Leaving directory '/home/fbaldini/Desktop/robot_perception/object detection/birds eye viewer/cpp/build/CMakeFiles/CMakeTmp'
make: *** [Makefile:121: cmTC_e2329/fast] Error 2


Source file was:
#include <pthread.h>

void* test_func(void* data)
{
  return data;
}

int main(void)
{
  pthread_t thread;
  pthread_create(&thread, NULL, test_func, NULL);
  pthread_detach(thread);
  pthread_join(thread, NULL);
  pthread_atfork(NULL, NULL, NULL);
  pthread_exit(NULL);

  return 0;
}

Determining if the function pthread_create exists in the pthreads failed with the following output:
Change Dir: /home/fbaldini/Desktop/robot_perception/object detection/birds eye viewer/cpp/build/CMakeFiles/CMakeTmp

Run Build Command(s):/usr/bin/make cmTC_f4527/fast && /usr/bin/make -f CMakeFiles/cmTC_f4527.dir/build.make CMakeFiles/cmTC_f4527.dir/build
make[1]: Entering directory '/home/fbaldini/Desktop/robot_perception/object detection/birds eye viewer/cpp/build/CMakeFiles/CMakeTmp'
Building C object CMakeFiles/cmTC_f4527.dir/CheckFunctionExists.c.o
/usr/bin/cc   -DCHECK_FUNCTION_EXISTS=pthread_create   -o CMakeFiles/cmTC_f4527.dir/CheckFunctionExists.c.o   -c /usr/share/cmake-3.16/Modules/CheckFunctionExists.c
Linking C executable cmTC_f4527
/usr/bin/cmake -E cmake_link_script CMakeFiles/cmTC_f4527.dir/link.txt --verbose=1
/usr/bin/cc  -DCHECK_FUNCTION_EXISTS=pthread_create    -rdynamic CMakeFiles/cmTC_f4527.dir/CheckFunctionExists.c.o  -o cmTC_f4527  -lpthreads 
/usr/bin/ld: cannot find -lpthreads
collect2: error: ld returned 1 exit status
make[1]: *** [CMakeFiles/cmTC_f4527.dir/build.make:87: cmTC_f4527] Error 1
make[1]: Leaving directory '/home/fbaldini/Desktop/robot_perception/object detection/birds eye viewer/cpp/build/CMakeFiles/CMakeTmp'
make: *** [Makefile:121: cmTC_f4527/fast] Error 2



Determining if the function sgemm_ exists failed with the following output:
Change Dir: /home/fbaldini/Desktop/robot_perception/OD_w_output/birds eye viewer/cpp/build/CMakeFiles/CMakeTmp

Run Build Command(s):/usr/bin/make cmTC_b6a06/fast && /usr/bin/make -f CMakeFiles/cmTC_b6a06.dir/build.make CMakeFiles/cmTC_b6a06.dir/build
make[1]: Entering directory '/home/fbaldini/Desktop/robot_perception/OD_w_output/birds eye viewer/cpp/build/CMakeFiles/CMakeTmp'
Building C object CMakeFiles/cmTC_b6a06.dir/CheckFunctionExists.c.o
/usr/bin/cc   -DCHECK_FUNCTION_EXISTS=sgemm_   -o CMakeFiles/cmTC_b6a06.dir/CheckFunctionExists.c.o   -c /usr/share/cmake-3.16/Modules/CheckFunctionExists.c
Linking C executable cmTC_b6a06
/usr/bin/cmake -E cmake_link_script CMakeFiles/cmTC_b6a06.dir/link.txt --verbose=1
/usr/bin/cc  -DCHECK_FUNCTION_EXISTS=sgemm_    -rdynamic CMakeFiles/cmTC_b6a06.dir/CheckFunctionExists.c.o  -o cmTC_b6a06 
/usr/bin/ld: CMakeFiles/cmTC_b6a06.dir/CheckFunctionExists.c.o: in function `main':
CheckFunctionExists.c:(.text+0x14): undefined reference to `sgemm_'
collect2: error: ld returned 1 exit status
make[1]: *** [CMakeFiles/cmTC_b6a06.dir/build.make:87: cmTC_b6a06] Error 1
make[1]: Leaving directory '/home/fbaldini/Desktop/robot_perception/OD_w_output/birds eye viewer/cpp/build/CMakeFiles/CMakeTmp'
make: *** [Makefile:121: cmTC_b6a06/fast] Error 2



Performing C SOURCE FILE Test CMAKE_HAVE_LIBC_PTHREAD failed with the following output:
Change Dir: /home/fbaldini/Desktop/robot_perception/OD_w_output/birds eye viewer/cpp/build/CMakeFiles/CMakeTmp

Run Build Command(s):/usr/bin/make cmTC_bd007/fast && /usr/bin/make -f CMakeFiles/cmTC_bd007.dir/build.make CMakeFiles/cmTC_bd007.dir/build
make[1]: Entering directory '/home/fbaldini/Desktop/robot_perception/OD_w_output/birds eye viewer/cpp/build/CMakeFiles/CMakeTmp'
Building C object CMakeFiles/cmTC_bd007.dir/src.c.o
/usr/bin/cc   -DCMAKE_HAVE_LIBC_PTHREAD   -o CMakeFiles/cmTC_bd007.dir/src.c.o   -c "/home/fbaldini/Desktop/robot_perception/OD_w_output/birds eye viewer/cpp/build/CMakeFiles/CMakeTmp/src.c"
Linking C executable cmTC_bd007
/usr/bin/cmake -E cmake_link_script CMakeFiles/cmTC_bd007.dir/link.txt --verbose=1
/usr/bin/cc  -DCMAKE_HAVE_LIBC_PTHREAD    -rdynamic CMakeFiles/cmTC_bd007.dir/src.c.o  -o cmTC_bd007 
/usr/bin/ld: CMakeFiles/cmTC_bd007.dir/src.c.o: in function `main':
src.c:(.text+0x46): undefined reference to `pthread_create'
/usr/bin/ld: src.c:(.text+0x52): undefined reference to `pthread_detach'
/usr/bin/ld: src.c:(.text+0x63): undefined reference to `pthread_join'
collect2: error: ld returned 1 exit status
make[1]: *** [CMakeFiles/cmTC_bd007.dir/build.make:87: cmTC_bd007] Error 1
make[1]: Leaving directory '/home/fbaldini/Desktop/robot_perception/OD_w_output/birds eye viewer/cpp/build/CMakeFiles/CMakeTmp'
make: *** [Makefile:121: cmTC_bd007/fast] Error 2


Source file was:
#include <pthread.h>

void* test_func(void* data)
{
  return data;
}

int main(void)
{
  pthread_t thread;
  pthread_create(&thread, NULL, test_func, NULL);
  pthread_detach(thread);
  pthread_join(thread, NULL);
  pthread_atfork(NULL, NULL, NULL);
  pthread_exit(NULL);

  return 0;
}

Determining if the function pthread_create exists in the pthreads failed with the following output:
Change Dir: /home/fbaldini/Desktop/robot_perception/OD_w_output/birds eye viewer/cpp/build/CMakeFiles/CMakeTmp

Run Build Command(s):/usr/bin/make cmTC_3f525/fast && /usr/bin/make -f CMakeFiles/cmTC_3f525.dir/build.make CMakeFiles/cmTC_3f525.dir/build
make[1]: Entering directory '/home/fbaldini/Desktop/robot_perception/OD_w_output/birds eye viewer/cpp/build/CMakeFiles/CMakeTmp'
Building C object CMakeFiles/cmTC_3f525.dir/CheckFunctionExists.c.o
/usr/bin/cc   -DCHECK_FUNCTION_EXISTS=pthread_create   -o CMakeFiles/cmTC_3f525.dir/CheckFunctionExists.c.o   -c /usr/share/cmake-3.16/Modules/CheckFunctionExists.c
Linking C executable cmTC_3f525
/usr/bin/cmake -E cmake_link_script CMakeFiles/cmTC_3f525.dir/link.txt --verbose=1
/usr/bin/cc  -DCHECK_FUNCTION_EXISTS=pthread_create    -rdynamic CMakeFiles/cmTC_3f525.dir/CheckFunctionExists.c.o  -o cmTC_3f525  -lpthreads 
/usr/bin/ld: cannot find -lpthreads
collect2: error: ld returned 1 exit status
make[1]: *** [CMakeFiles/cmTC_3f525.dir/build.make:87: cmTC_3f525] Error 1
make[1]: Leaving directory '/home/fbaldini/Desktop/robot_perception/OD_w_output/birds eye viewer/cpp/build/CMakeFiles/CMakeTmp'
make: *** [Makefile:121: cmTC_3f525/fast] Error 2



